<?xml version="1.0" encoding="UTF-8"?>
<!-- Generated by org.testng.reporters.JUnitReportReporter -->
<testsuite hostname="LAPTOP-DBD76A2E" failures="0" tests="10" name="FacebookTest.ProTestCases" time="2.017" errors="1" timestamp="2022-12-01T16:19:06 IST" skipped="2">
  <testcase classname="FacebookTest.ProTestCases" name="TC05" time="0.003"/>
  <system-out/>
  <testcase classname="FacebookTest.ProTestCases" name="TC06" time="0.000">
    <skipped/>
  </testcase> <!-- TC06 -->
  <system-out/>
  <testcase classname="FacebookTest.ProTestCases" name="TC02" time="0.001"/>
  <system-out/>
  <testcase classname="FacebookTest.ProTestCases" name="TC05" time="0.001"/>
  <system-out/>
  <testcase classname="FacebookTest.ProTestCases" name="TC05" time="0.002"/>
  <system-out/>
  <testcase classname="FacebookTest.ProTestCases" name="TC08" time="0.001"/>
  <system-out/>
  <testcase classname="FacebookTest.ProTestCases" name="TC07" time="2.007">
    <error message="Method FacebookTest.ProTestCases.TC07() didn&#039;t finish within the time-out 2000" type="org.testng.internal.thread.ThreadTimeoutException">
      <![CDATA[org.testng.internal.thread.ThreadTimeoutException: Method FacebookTest.ProTestCases.TC07() didn't finish within the time-out 2000
at org.testng.internal.MethodInvocationHelper.invokeWithTimeoutWithNewExecutor(MethodInvocationHelper.java:384)
at org.testng.internal.MethodInvocationHelper.invokeWithTimeout(MethodInvocationHelper.java:283)
at org.testng.internal.TestInvoker.invokeMethod(TestInvoker.java:604)
at org.testng.internal.TestInvoker.invokeTestMethod(TestInvoker.java:173)
at org.testng.internal.MethodRunner.runInSequence(MethodRunner.java:46)
at org.testng.internal.TestInvoker$MethodInvocationAgent.invoke(TestInvoker.java:824)
at org.testng.internal.TestInvoker.invokeTestMethods(TestInvoker.java:146)
at org.testng.internal.TestMethodWorker.invokeTestMethods(TestMethodWorker.java:146)
at org.testng.internal.TestMethodWorker.run(TestMethodWorker.java:128)
at java.base/java.util.ArrayList.forEach(ArrayList.java:1511)
at org.testng.TestRunner.privateRun(TestRunner.java:794)
at org.testng.TestRunner.run(TestRunner.java:596)
at org.testng.SuiteRunner.runTest(SuiteRunner.java:377)
at org.testng.SuiteRunner.runSequentially(SuiteRunner.java:371)
at org.testng.SuiteRunner.privateRun(SuiteRunner.java:332)
at org.testng.SuiteRunner.run(SuiteRunner.java:276)
at org.testng.SuiteRunnerWorker.runSuite(SuiteRunnerWorker.java:53)
at org.testng.SuiteRunnerWorker.run(SuiteRunnerWorker.java:96)
at org.testng.TestNG.runSuitesSequentially(TestNG.java:1212)
at org.testng.TestNG.runSuitesLocally(TestNG.java:1134)
at org.testng.TestNG.runSuites(TestNG.java:1063)
at org.testng.TestNG.run(TestNG.java:1031)
at org.testng.remote.AbstractRemoteTestNG.run(AbstractRemoteTestNG.java:115)
at org.testng.remote.RemoteTestNG.initAndRun(RemoteTestNG.java:251)
at org.testng.remote.RemoteTestNG.main(RemoteTestNG.java:77)
]]>
    </error>
  </testcase> <!-- TC07 -->
  <system-out/>
  <testcase classname="FacebookTest.ProTestCases" name="TC03" time="0.001"/>
  <system-out/>
  <testcase classname="FacebookTest.ProTestCases" name="TC01" time="0.001"/>
  <system-out/>
  <testcase classname="FacebookTest.ProTestCases" name="TC04">
    <skipped/>
  </testcase> <!-- TC04 -->
  <system-out/>
</testsuite> <!-- FacebookTest.ProTestCases -->
